[20:06:42] [WebsocketSelector24] [SocketServer] Caught exception in websocket
java.net.BindException: Address already in use: bind
	at sun.nio.ch.Net.bind0(Native Method)
	at sun.nio.ch.Net.bind(Unknown Source)
	at sun.nio.ch.Net.bind(Unknown Source)
	at sun.nio.ch.ServerSocketChannelImpl.bind(Unknown Source)
	at sun.nio.ch.ServerSocketAdaptor.bind(Unknown Source)
	at sun.nio.ch.ServerSocketAdaptor.bind(Unknown Source)
	at org.java_websocket.server.WebSocketServer.run(WebSocketServer.java:315)
	at java.lang.Thread.run(Unknown Source)
[21:30:04] [pool-4-thread-1] [StatsTask] Exception while sending stats
org.java_websocket.exceptions.WebsocketNotConnectedException: null
	at org.java_websocket.WebSocketImpl.send(WebSocketImpl.java:608)
	at org.java_websocket.WebSocketImpl.send(WebSocketImpl.java:585)
	at lavalink.server.io.StatsTask.sendStats(StatsTask.java:119)
	at lavalink.server.io.StatsTask.run(StatsTask.java:53)
	at java.util.concurrent.Executors$RunnableAdapter.call(Unknown Source)
	at java.util.concurrent.FutureTask.runAndReset(Unknown Source)
	at java.util.concurrent.ScheduledThreadPoolExecutor$ScheduledFutureTask.access$301(Unknown Source)
	at java.util.concurrent.ScheduledThreadPoolExecutor$ScheduledFutureTask.run(Unknown Source)
	at java.util.concurrent.ThreadPoolExecutor.runWorker(Unknown Source)
	at java.util.concurrent.ThreadPoolExecutor$Worker.run(Unknown Source)
	at java.lang.Thread.run(Unknown Source)
[23:04:07] [pool-7-thread-1] [StatsTask] Exception while sending stats
org.java_websocket.exceptions.WebsocketNotConnectedException: null
	at org.java_websocket.WebSocketImpl.send(WebSocketImpl.java:608)
	at org.java_websocket.WebSocketImpl.send(WebSocketImpl.java:585)
	at lavalink.server.io.StatsTask.sendStats(StatsTask.java:119)
	at lavalink.server.io.StatsTask.run(StatsTask.java:53)
	at java.util.concurrent.Executors$RunnableAdapter.call(Unknown Source)
	at java.util.concurrent.FutureTask.runAndReset(Unknown Source)
	at java.util.concurrent.ScheduledThreadPoolExecutor$ScheduledFutureTask.access$301(Unknown Source)
	at java.util.concurrent.ScheduledThreadPoolExecutor$ScheduledFutureTask.run(Unknown Source)
	at java.util.concurrent.ThreadPoolExecutor.runWorker(Unknown Source)
	at java.util.concurrent.ThreadPoolExecutor$Worker.run(Unknown Source)
	at java.lang.Thread.run(Unknown Source)
