[00:45:01] [pool-61-thread-1] [StatsTask] Exception while sending stats
org.java_websocket.exceptions.WebsocketNotConnectedException: null
	at org.java_websocket.WebSocketImpl.send(WebSocketImpl.java:608)
	at org.java_websocket.WebSocketImpl.send(WebSocketImpl.java:585)
	at lavalink.server.io.StatsTask.sendStats(StatsTask.java:119)
	at lavalink.server.io.StatsTask.run(StatsTask.java:53)
	at java.util.concurrent.Executors$RunnableAdapter.call(Unknown Source)
	at java.util.concurrent.FutureTask.runAndReset(Unknown Source)
	at java.util.concurrent.ScheduledThreadPoolExecutor$ScheduledFutureTask.access$301(Unknown Source)
	at java.util.concurrent.ScheduledThreadPoolExecutor$ScheduledFutureTask.run(Unknown Source)
	at java.util.concurrent.ThreadPoolExecutor.runWorker(Unknown Source)
	at java.util.concurrent.ThreadPoolExecutor$Worker.run(Unknown Source)
	at java.lang.Thread.run(Unknown Source)
[22:46:48] [WebSocketWorker-21] [SocketServer] Caught exception in websocket
java.lang.ArithmeticException: / by zero
	at lavalink.server.util.Util.getShardFromSnowflake(Util.java:38)
	at lavalink.server.io.SocketServer.getShardId(SocketServer.java:224)
	at lavalink.server.io.SocketServer.onMessage(SocketServer.java:137)
	at org.java_websocket.server.WebSocketServer.onWebsocketMessage(WebSocketServer.java:551)
	at org.java_websocket.drafts.Draft_6455.processFrame(Draft_6455.java:696)
	at org.java_websocket.WebSocketImpl.decodeFrames(WebSocketImpl.java:367)
	at org.java_websocket.WebSocketImpl.decode(WebSocketImpl.java:212)
	at org.java_websocket.server.WebSocketServer$WebSocketWorker.run(WebSocketServer.java:888)
[22:47:11] [WebSocketWorker-18] [SocketServer] Caught exception in websocket
java.lang.ArithmeticException: / by zero
	at lavalink.server.util.Util.getShardFromSnowflake(Util.java:38)
	at lavalink.server.io.SocketServer.getShardId(SocketServer.java:224)
	at lavalink.server.io.SocketServer.onMessage(SocketServer.java:137)
	at org.java_websocket.server.WebSocketServer.onWebsocketMessage(WebSocketServer.java:551)
	at org.java_websocket.drafts.Draft_6455.processFrame(Draft_6455.java:696)
	at org.java_websocket.WebSocketImpl.decodeFrames(WebSocketImpl.java:367)
	at org.java_websocket.WebSocketImpl.decode(WebSocketImpl.java:212)
	at org.java_websocket.server.WebSocketServer$WebSocketWorker.run(WebSocketServer.java:888)
[22:47:46] [WebSocketWorker-19] [SocketServer] Caught exception in websocket
java.lang.ArithmeticException: / by zero
	at lavalink.server.util.Util.getShardFromSnowflake(Util.java:38)
	at lavalink.server.io.SocketServer.getShardId(SocketServer.java:224)
	at lavalink.server.io.SocketServer.onMessage(SocketServer.java:137)
	at org.java_websocket.server.WebSocketServer.onWebsocketMessage(WebSocketServer.java:551)
	at org.java_websocket.drafts.Draft_6455.processFrame(Draft_6455.java:696)
	at org.java_websocket.WebSocketImpl.decodeFrames(WebSocketImpl.java:367)
	at org.java_websocket.WebSocketImpl.decode(WebSocketImpl.java:212)
	at org.java_websocket.server.WebSocketServer$WebSocketWorker.run(WebSocketServer.java:888)
[22:47:51] [WebSocketWorker-19] [SocketServer] Caught exception in websocket
java.lang.ArithmeticException: / by zero
	at lavalink.server.util.Util.getShardFromSnowflake(Util.java:38)
	at lavalink.server.io.SocketServer.getShardId(SocketServer.java:224)
	at lavalink.server.io.SocketServer.onMessage(SocketServer.java:163)
	at org.java_websocket.server.WebSocketServer.onWebsocketMessage(WebSocketServer.java:551)
	at org.java_websocket.drafts.Draft_6455.processFrame(Draft_6455.java:696)
	at org.java_websocket.WebSocketImpl.decodeFrames(WebSocketImpl.java:367)
	at org.java_websocket.WebSocketImpl.decode(WebSocketImpl.java:212)
	at org.java_websocket.server.WebSocketServer$WebSocketWorker.run(WebSocketServer.java:888)
[22:48:51] [WebSocketWorker-19] [SocketServer] Caught exception in websocket
java.lang.ArithmeticException: / by zero
	at lavalink.server.util.Util.getShardFromSnowflake(Util.java:38)
	at lavalink.server.io.SocketServer.getShardId(SocketServer.java:224)
	at lavalink.server.io.SocketServer.onMessage(SocketServer.java:192)
	at org.java_websocket.server.WebSocketServer.onWebsocketMessage(WebSocketServer.java:551)
	at org.java_websocket.drafts.Draft_6455.processFrame(Draft_6455.java:696)
	at org.java_websocket.WebSocketImpl.decodeFrames(WebSocketImpl.java:367)
	at org.java_websocket.WebSocketImpl.decode(WebSocketImpl.java:212)
	at org.java_websocket.server.WebSocketServer$WebSocketWorker.run(WebSocketServer.java:888)
[22:48:58] [WebSocketWorker-19] [SocketServer] Caught exception in websocket
java.lang.ArithmeticException: / by zero
	at lavalink.server.util.Util.getShardFromSnowflake(Util.java:38)
	at lavalink.server.io.SocketServer.getShardId(SocketServer.java:224)
	at lavalink.server.io.SocketServer.onMessage(SocketServer.java:137)
	at org.java_websocket.server.WebSocketServer.onWebsocketMessage(WebSocketServer.java:551)
	at org.java_websocket.drafts.Draft_6455.processFrame(Draft_6455.java:696)
	at org.java_websocket.WebSocketImpl.decodeFrames(WebSocketImpl.java:367)
	at org.java_websocket.WebSocketImpl.decode(WebSocketImpl.java:212)
	at org.java_websocket.server.WebSocketServer$WebSocketWorker.run(WebSocketServer.java:888)
[22:48:59] [WebSocketWorker-19] [SocketServer] Caught exception in websocket
java.lang.ArithmeticException: / by zero
	at lavalink.server.util.Util.getShardFromSnowflake(Util.java:38)
	at lavalink.server.io.SocketServer.getShardId(SocketServer.java:224)
	at lavalink.server.io.SocketServer.onMessage(SocketServer.java:163)
	at org.java_websocket.server.WebSocketServer.onWebsocketMessage(WebSocketServer.java:551)
	at org.java_websocket.drafts.Draft_6455.processFrame(Draft_6455.java:696)
	at org.java_websocket.WebSocketImpl.decodeFrames(WebSocketImpl.java:367)
	at org.java_websocket.WebSocketImpl.decode(WebSocketImpl.java:212)
	at org.java_websocket.server.WebSocketServer$WebSocketWorker.run(WebSocketServer.java:888)
[22:49:25] [WebSocketWorker-19] [SocketServer] Caught exception in websocket
java.lang.ArithmeticException: / by zero
	at lavalink.server.util.Util.getShardFromSnowflake(Util.java:38)
	at lavalink.server.io.SocketServer.getShardId(SocketServer.java:224)
	at lavalink.server.io.SocketServer.onMessage(SocketServer.java:137)
	at org.java_websocket.server.WebSocketServer.onWebsocketMessage(WebSocketServer.java:551)
	at org.java_websocket.drafts.Draft_6455.processFrame(Draft_6455.java:696)
	at org.java_websocket.WebSocketImpl.decodeFrames(WebSocketImpl.java:367)
	at org.java_websocket.WebSocketImpl.decode(WebSocketImpl.java:212)
	at org.java_websocket.server.WebSocketServer$WebSocketWorker.run(WebSocketServer.java:888)
[22:50:01] [WebSocketWorker-19] [SocketServer] Caught exception in websocket
java.lang.ArithmeticException: / by zero
	at lavalink.server.util.Util.getShardFromSnowflake(Util.java:38)
	at lavalink.server.io.SocketServer.getShardId(SocketServer.java:224)
	at lavalink.server.io.SocketServer.onMessage(SocketServer.java:192)
	at org.java_websocket.server.WebSocketServer.onWebsocketMessage(WebSocketServer.java:551)
	at org.java_websocket.drafts.Draft_6455.processFrame(Draft_6455.java:696)
	at org.java_websocket.WebSocketImpl.decodeFrames(WebSocketImpl.java:367)
	at org.java_websocket.WebSocketImpl.decode(WebSocketImpl.java:212)
	at org.java_websocket.server.WebSocketServer$WebSocketWorker.run(WebSocketServer.java:888)
[22:51:29] [WebSocketWorker-20] [SocketServer] Caught exception in websocket
java.lang.ArithmeticException: / by zero
	at lavalink.server.util.Util.getShardFromSnowflake(Util.java:38)
	at lavalink.server.io.SocketServer.getShardId(SocketServer.java:224)
	at lavalink.server.io.SocketServer.onMessage(SocketServer.java:137)
	at org.java_websocket.server.WebSocketServer.onWebsocketMessage(WebSocketServer.java:551)
	at org.java_websocket.drafts.Draft_6455.processFrame(Draft_6455.java:696)
	at org.java_websocket.WebSocketImpl.decodeFrames(WebSocketImpl.java:367)
	at org.java_websocket.WebSocketImpl.decode(WebSocketImpl.java:212)
	at org.java_websocket.server.WebSocketServer$WebSocketWorker.run(WebSocketServer.java:888)
[22:51:42] [WebSocketWorker-20] [SocketServer] Caught exception in websocket
java.lang.ArithmeticException: / by zero
	at lavalink.server.util.Util.getShardFromSnowflake(Util.java:38)
	at lavalink.server.io.SocketServer.getShardId(SocketServer.java:224)
	at lavalink.server.io.SocketServer.onMessage(SocketServer.java:163)
	at org.java_websocket.server.WebSocketServer.onWebsocketMessage(WebSocketServer.java:551)
	at org.java_websocket.drafts.Draft_6455.processFrame(Draft_6455.java:696)
	at org.java_websocket.WebSocketImpl.decodeFrames(WebSocketImpl.java:367)
	at org.java_websocket.WebSocketImpl.decode(WebSocketImpl.java:212)
	at org.java_websocket.server.WebSocketServer$WebSocketWorker.run(WebSocketServer.java:888)
[22:52:51] [WebSocketWorker-20] [SocketServer] Caught exception in websocket
java.lang.ArithmeticException: / by zero
	at lavalink.server.util.Util.getShardFromSnowflake(Util.java:38)
	at lavalink.server.io.SocketServer.getShardId(SocketServer.java:224)
	at lavalink.server.io.SocketServer.onMessage(SocketServer.java:192)
	at org.java_websocket.server.WebSocketServer.onWebsocketMessage(WebSocketServer.java:551)
	at org.java_websocket.drafts.Draft_6455.processFrame(Draft_6455.java:696)
	at org.java_websocket.WebSocketImpl.decodeFrames(WebSocketImpl.java:367)
	at org.java_websocket.WebSocketImpl.decode(WebSocketImpl.java:212)
	at org.java_websocket.server.WebSocketServer$WebSocketWorker.run(WebSocketServer.java:888)
