[00:25:29] [pool-97-thread-1] [StatsTask] Exception while sending stats
org.java_websocket.exceptions.WebsocketNotConnectedException: null
	at org.java_websocket.WebSocketImpl.send(WebSocketImpl.java:608)
	at org.java_websocket.WebSocketImpl.send(WebSocketImpl.java:585)
	at lavalink.server.io.StatsTask.sendStats(StatsTask.java:119)
	at lavalink.server.io.StatsTask.run(StatsTask.java:53)
	at java.util.concurrent.Executors$RunnableAdapter.call(Unknown Source)
	at java.util.concurrent.FutureTask.runAndReset(Unknown Source)
	at java.util.concurrent.ScheduledThreadPoolExecutor$ScheduledFutureTask.access$301(Unknown Source)
	at java.util.concurrent.ScheduledThreadPoolExecutor$ScheduledFutureTask.run(Unknown Source)
	at java.util.concurrent.ThreadPoolExecutor.runWorker(Unknown Source)
	at java.util.concurrent.ThreadPoolExecutor$Worker.run(Unknown Source)
	at java.lang.Thread.run(Unknown Source)
[00:25:53] [pool-98-thread-1] [StatsTask] Exception while sending stats
org.java_websocket.exceptions.WebsocketNotConnectedException: null
	at org.java_websocket.WebSocketImpl.send(WebSocketImpl.java:608)
	at org.java_websocket.WebSocketImpl.send(WebSocketImpl.java:585)
	at lavalink.server.io.StatsTask.sendStats(StatsTask.java:119)
	at lavalink.server.io.StatsTask.run(StatsTask.java:53)
	at java.util.concurrent.Executors$RunnableAdapter.call(Unknown Source)
	at java.util.concurrent.FutureTask.runAndReset(Unknown Source)
	at java.util.concurrent.ScheduledThreadPoolExecutor$ScheduledFutureTask.access$301(Unknown Source)
	at java.util.concurrent.ScheduledThreadPoolExecutor$ScheduledFutureTask.run(Unknown Source)
	at java.util.concurrent.ThreadPoolExecutor.runWorker(Unknown Source)
	at java.util.concurrent.ThreadPoolExecutor$Worker.run(Unknown Source)
	at java.lang.Thread.run(Unknown Source)
